<?xml version="1.0" encoding="UTF-8"?>
<testng-results ignored="0" total="1" passed="1" failed="0" skipped="0">
  <reporter-output>
  </reporter-output>
  <suite started-at="2020-10-30T21:18:38 EDT" name="Default suite" finished-at="2020-10-30T21:18:38 EDT" duration-ms="23">
    <groups>
    </groups>
    <test started-at="2020-10-30T21:18:38 EDT" name="Default test" finished-at="2020-10-30T21:18:38 EDT" duration-ms="23">
      <class name="BuilderDesign">
        <test-method is-config="true" signature="beforeTest()[pri:0, instance:BuilderDesign@5ef60048]" started-at="2020-10-30T21:18:38 EDT" name="beforeTest" finished-at="2020-10-30T21:18:38 EDT" duration-ms="4" status="PASS">
          <reporter-output>
          </reporter-output>
        </test-method> <!-- beforeTest -->
        <test-method signature="f()[pri:0, instance:BuilderDesign@5ef60048]" started-at="2020-10-30T21:18:38 EDT" name="f" finished-at="2020-10-30T21:18:38 EDT" duration-ms="3" status="PASS">
          <reporter-output>
          </reporter-output>
        </test-method> <!-- f -->
        <test-method is-config="true" signature="afterTest()[pri:0, instance:BuilderDesign@5ef60048]" started-at="2020-10-30T21:18:38 EDT" name="afterTest" finished-at="2020-10-30T21:18:38 EDT" duration-ms="1" status="PASS">
          <reporter-output>
          </reporter-output>
        </test-method> <!-- afterTest -->
      </class> <!-- BuilderDesign -->
    </test> <!-- Default test -->
  </suite> <!-- Default suite -->
</testng-results>
