<?xml version="1.0" encoding="UTF-8"?>
<testng-results ignored="0" total="1" passed="1" failed="0" skipped="0">
  <reporter-output>
  </reporter-output>
  <suite started-at="2020-12-11T10:38:26 EST" name="Default suite" finished-at="2020-12-11T10:38:26 EST" duration-ms="20">
    <groups>
    </groups>
    <test started-at="2020-12-11T10:38:26 EST" name="Default test" finished-at="2020-12-11T10:38:26 EST" duration-ms="20">
      <class name="FactoryDesign.EntryPoint">
        <test-method signature="f()[pri:0, instance:FactoryDesign.EntryPoint@2b546384]" started-at="2020-12-11T10:38:26 EST" name="f" finished-at="2020-12-11T10:38:26 EST" duration-ms="4" status="PASS">
          <reporter-output>
          </reporter-output>
        </test-method> <!-- f -->
      </class> <!-- FactoryDesign.EntryPoint -->
    </test> <!-- Default test -->
  </suite> <!-- Default suite -->
</testng-results>
